  BattleScene.cpp
  EMissile.cpp
c:\users\kga_4\documents\github\shooting-game-team\teamshootinggame\teamshootinggame\emissile.cpp(128): warning C4244: '+=': 'double'에서 'float'(으)로 변환하면서 데이터가 손실될 수 있습니다.
c:\users\kga_4\documents\github\shooting-game-team\teamshootinggame\teamshootinggame\emissile.cpp(129): warning C4244: '-=': 'double'에서 'float'(으)로 변환하면서 데이터가 손실될 수 있습니다.
c:\users\kga_4\documents\github\shooting-game-team\teamshootinggame\teamshootinggame\emissile.cpp(135): warning C4244: '+=': 'double'에서 'float'(으)로 변환하면서 데이터가 손실될 수 있습니다.
c:\users\kga_4\documents\github\shooting-game-team\teamshootinggame\teamshootinggame\emissile.cpp(136): warning C4244: '-=': 'double'에서 'float'(으)로 변환하면서 데이터가 손실될 수 있습니다.
c:\users\kga_4\documents\github\shooting-game-team\teamshootinggame\teamshootinggame\emissile.cpp(146): warning C4244: '+=': 'double'에서 'float'(으)로 변환하면서 데이터가 손실될 수 있습니다.
c:\users\kga_4\documents\github\shooting-game-team\teamshootinggame\teamshootinggame\emissile.cpp(147): warning C4244: '-=': 'double'에서 'float'(으)로 변환하면서 데이터가 손실될 수 있습니다.
c:\users\kga_4\documents\github\shooting-game-team\teamshootinggame\teamshootinggame\emissile.cpp(153): warning C4244: '+=': 'double'에서 'float'(으)로 변환하면서 데이터가 손실될 수 있습니다.
c:\users\kga_4\documents\github\shooting-game-team\teamshootinggame\teamshootinggame\emissile.cpp(154): warning C4244: '-=': 'double'에서 'float'(으)로 변환하면서 데이터가 손실될 수 있습니다.
c:\users\kga_4\documents\github\shooting-game-team\teamshootinggame\teamshootinggame\emissile.cpp(229): warning C4244: '인수': 'float'에서 'int'(으)로 변환하면서 데이터가 손실될 수 있습니다.
c:\users\kga_4\documents\github\shooting-game-team\teamshootinggame\teamshootinggame\emissile.cpp(234): warning C4244: '인수': 'float'에서 'int'(으)로 변환하면서 데이터가 손실될 수 있습니다.
  EMissileManager.cpp
c:\users\kga_4\documents\github\shooting-game-team\teamshootinggame\teamshootinggame\emissilemanager.cpp(65): warning C4244: '=': 'int'에서 'float'(으)로 변환하면서 데이터가 손실될 수 있습니다.
c:\users\kga_4\documents\github\shooting-game-team\teamshootinggame\teamshootinggame\emissilemanager.cpp(66): warning C4244: '=': 'int'에서 'float'(으)로 변환하면서 데이터가 손실될 수 있습니다.
c:\users\kga_4\documents\github\shooting-game-team\teamshootinggame\teamshootinggame\emissilemanager.cpp(67): warning C4244: '=': 'int'에서 'float'(으)로 변환하면서 데이터가 손실될 수 있습니다.
c:\users\kga_4\documents\github\shooting-game-team\teamshootinggame\teamshootinggame\emissilemanager.cpp(123): warning C4305: '인수': 'double'에서 'float'(으)로 잘립니다.
c:\users\kga_4\documents\github\shooting-game-team\teamshootinggame\teamshootinggame\emissilemanager.cpp(127): warning C4305: '인수': 'double'에서 'float'(으)로 잘립니다.
c:\users\kga_4\documents\github\shooting-game-team\teamshootinggame\teamshootinggame\emissilemanager.cpp(135): warning C4305: '인수': 'double'에서 'float'(으)로 잘립니다.
c:\users\kga_4\documents\github\shooting-game-team\teamshootinggame\teamshootinggame\emissilemanager.cpp(139): warning C4305: '인수': 'double'에서 'float'(으)로 잘립니다.
c:\users\kga_4\documents\github\shooting-game-team\teamshootinggame\teamshootinggame\emissilemanager.cpp(606): warning C4244: '인수': 'double'에서 'float'(으)로 변환하면서 데이터가 손실될 수 있습니다.
c:\users\kga_4\documents\github\shooting-game-team\teamshootinggame\teamshootinggame\emissilemanager.cpp(627): warning C4244: '인수': 'double'에서 'float'(으)로 변환하면서 데이터가 손실될 수 있습니다.
c:\users\kga_4\documents\github\shooting-game-team\teamshootinggame\teamshootinggame\emissilemanager.cpp(647): warning C4244: '인수': 'double'에서 'float'(으)로 변환하면서 데이터가 손실될 수 있습니다.
c:\users\kga_4\documents\github\shooting-game-team\teamshootinggame\teamshootinggame\emissilemanager.cpp(668): warning C4244: '인수': 'double'에서 'float'(으)로 변환하면서 데이터가 손실될 수 있습니다.
c:\users\kga_4\documents\github\shooting-game-team\teamshootinggame\teamshootinggame\emissilemanager.cpp(1226): warning C4244: '인수': 'double'에서 'float'(으)로 변환하면서 데이터가 손실될 수 있습니다.
c:\users\kga_4\documents\github\shooting-game-team\teamshootinggame\teamshootinggame\emissilemanager.cpp(1247): warning C4244: '인수': 'double'에서 'float'(으)로 변환하면서 데이터가 손실될 수 있습니다.
c:\users\kga_4\documents\github\shooting-game-team\teamshootinggame\teamshootinggame\emissilemanager.cpp(1276): warning C4244: '인수': 'double'에서 'float'(으)로 변환하면서 데이터가 손실될 수 있습니다.
c:\users\kga_4\documents\github\shooting-game-team\teamshootinggame\teamshootinggame\emissilemanager.cpp(1277): warning C4244: '인수': 'double'에서 'float'(으)로 변환하면서 데이터가 손실될 수 있습니다.
c:\users\kga_4\documents\github\shooting-game-team\teamshootinggame\teamshootinggame\emissilemanager.cpp(1339): warning C4244: '인수': 'double'에서 'float'(으)로 변환하면서 데이터가 손실될 수 있습니다.
c:\users\kga_4\documents\github\shooting-game-team\teamshootinggame\teamshootinggame\emissilemanager.cpp(1340): warning C4244: '인수': 'double'에서 'float'(으)로 변환하면서 데이터가 손실될 수 있습니다.
c:\users\kga_4\documents\github\shooting-game-team\teamshootinggame\teamshootinggame\emissilemanager.cpp(1610): warning C4244: '인수': 'double'에서 'float'(으)로 변환하면서 데이터가 손실될 수 있습니다.
c:\users\kga_4\documents\github\shooting-game-team\teamshootinggame\teamshootinggame\emissilemanager.cpp(1615): warning C4244: '=': 'int'에서 'float'(으)로 변환하면서 데이터가 손실될 수 있습니다.
c:\users\kga_4\documents\github\shooting-game-team\teamshootinggame\teamshootinggame\emissilemanager.cpp(1629): warning C4244: '인수': 'double'에서 'float'(으)로 변환하면서 데이터가 손실될 수 있습니다.
c:\users\kga_4\documents\github\shooting-game-team\teamshootinggame\teamshootinggame\emissilemanager.cpp(1652): warning C4244: '인수': 'double'에서 'float'(으)로 변환하면서 데이터가 손실될 수 있습니다.
c:\users\kga_4\documents\github\shooting-game-team\teamshootinggame\teamshootinggame\emissilemanager.cpp(1672): warning C4244: '인수': 'double'에서 'float'(으)로 변환하면서 데이터가 손실될 수 있습니다.
c:\users\kga_4\documents\github\shooting-game-team\teamshootinggame\teamshootinggame\emissilemanager.cpp(1677): warning C4244: '=': 'int'에서 'float'(으)로 변환하면서 데이터가 손실될 수 있습니다.
c:\users\kga_4\documents\github\shooting-game-team\teamshootinggame\teamshootinggame\emissilemanager.cpp(1691): warning C4244: '인수': 'double'에서 'float'(으)로 변환하면서 데이터가 손실될 수 있습니다.
c:\users\kga_4\documents\github\shooting-game-team\teamshootinggame\teamshootinggame\emissilemanager.cpp(2311): warning C4244: '인수': 'double'에서 'float'(으)로 변환하면서 데이터가 손실될 수 있습니다.
c:\users\kga_4\documents\github\shooting-game-team\teamshootinggame\teamshootinggame\emissilemanager.cpp(2326): warning C4244: '인수': 'double'에서 'float'(으)로 변환하면서 데이터가 손실될 수 있습니다.
c:\users\kga_4\documents\github\shooting-game-team\teamshootinggame\teamshootinggame\emissilemanager.cpp(2345): warning C4244: '인수': 'double'에서 'float'(으)로 변환하면서 데이터가 손실될 수 있습니다.
c:\users\kga_4\documents\github\shooting-game-team\teamshootinggame\teamshootinggame\emissilemanager.cpp(2360): warning C4244: '인수': 'double'에서 'float'(으)로 변환하면서 데이터가 손실될 수 있습니다.
c:\users\kga_4\documents\github\shooting-game-team\teamshootinggame\teamshootinggame\emissilemanager.cpp(2370): warning C4805: '==': 연산에 'float' 형식과 'bool' 형식을 함께 사용하는 것은 안전하지 않습니다.
c:\users\kga_4\documents\github\shooting-game-team\teamshootinggame\teamshootinggame\emissilemanager.cpp(2407): warning C4244: '인수': 'double'에서 'float'(으)로 변환하면서 데이터가 손실될 수 있습니다.
c:\users\kga_4\documents\github\shooting-game-team\teamshootinggame\teamshootinggame\emissilemanager.cpp(2412): warning C4244: '=': 'int'에서 'float'(으)로 변환하면서 데이터가 손실될 수 있습니다.
c:\users\kga_4\documents\github\shooting-game-team\teamshootinggame\teamshootinggame\emissilemanager.cpp(2430): warning C4244: '인수': 'double'에서 'float'(으)로 변환하면서 데이터가 손실될 수 있습니다.
c:\users\kga_4\documents\github\shooting-game-team\teamshootinggame\teamshootinggame\emissilemanager.cpp(2456): warning C4244: '인수': 'double'에서 'float'(으)로 변환하면서 데이터가 손실될 수 있습니다.
c:\users\kga_4\documents\github\shooting-game-team\teamshootinggame\teamshootinggame\emissilemanager.cpp(2473): warning C4244: '인수': 'double'에서 'float'(으)로 변환하면서 데이터가 손실될 수 있습니다.
c:\users\kga_4\documents\github\shooting-game-team\teamshootinggame\teamshootinggame\emissilemanager.cpp(2506): warning C4244: '인수': 'double'에서 'float'(으)로 변환하면서 데이터가 손실될 수 있습니다.
c:\users\kga_4\documents\github\shooting-game-team\teamshootinggame\teamshootinggame\emissilemanager.cpp(2511): warning C4244: '인수': 'double'에서 'float'(으)로 변환하면서 데이터가 손실될 수 있습니다.
c:\users\kga_4\documents\github\shooting-game-team\teamshootinggame\teamshootinggame\emissilemanager.cpp(2523): warning C4244: '인수': 'double'에서 'float'(으)로 변환하면서 데이터가 손실될 수 있습니다.
c:\users\kga_4\documents\github\shooting-game-team\teamshootinggame\teamshootinggame\emissilemanager.cpp(2528): warning C4244: '인수': 'double'에서 'float'(으)로 변환하면서 데이터가 손실될 수 있습니다.
c:\users\kga_4\documents\github\shooting-game-team\teamshootinggame\teamshootinggame\emissilemanager.cpp(2557): warning C4244: '인수': 'double'에서 'float'(으)로 변환하면서 데이터가 손실될 수 있습니다.
c:\users\kga_4\documents\github\shooting-game-team\teamshootinggame\teamshootinggame\emissilemanager.cpp(2562): warning C4244: '인수': 'double'에서 'float'(으)로 변환하면서 데이터가 손실될 수 있습니다.
c:\users\kga_4\documents\github\shooting-game-team\teamshootinggame\teamshootinggame\emissilemanager.cpp(2574): warning C4244: '인수': 'double'에서 'float'(으)로 변환하면서 데이터가 손실될 수 있습니다.
c:\users\kga_4\documents\github\shooting-game-team\teamshootinggame\teamshootinggame\emissilemanager.cpp(2579): warning C4244: '인수': 'double'에서 'float'(으)로 변환하면서 데이터가 손실될 수 있습니다.
c:\users\kga_4\documents\github\shooting-game-team\teamshootinggame\teamshootinggame\emissilemanager.cpp(2591): warning C4244: '인수': 'double'에서 'float'(으)로 변환하면서 데이터가 손실될 수 있습니다.
c:\users\kga_4\documents\github\shooting-game-team\teamshootinggame\teamshootinggame\emissilemanager.cpp(2596): warning C4244: '인수': 'double'에서 'float'(으)로 변환하면서 데이터가 손실될 수 있습니다.
c:\users\kga_4\documents\github\shooting-game-team\teamshootinggame\teamshootinggame\emissilemanager.cpp(2608): warning C4244: '인수': 'double'에서 'float'(으)로 변환하면서 데이터가 손실될 수 있습니다.
c:\users\kga_4\documents\github\shooting-game-team\teamshootinggame\teamshootinggame\emissilemanager.cpp(2613): warning C4244: '인수': 'double'에서 'float'(으)로 변환하면서 데이터가 손실될 수 있습니다.
c:\users\kga_4\documents\github\shooting-game-team\teamshootinggame\teamshootinggame\emissilemanager.cpp(3217): warning C4244: '인수': 'double'에서 'float'(으)로 변환하면서 데이터가 손실될 수 있습니다.
c:\users\kga_4\documents\github\shooting-game-team\teamshootinggame\teamshootinggame\emissilemanager.cpp(3223): warning C4244: '인수': 'double'에서 'float'(으)로 변환하면서 데이터가 손실될 수 있습니다.
c:\users\kga_4\documents\github\shooting-game-team\teamshootinggame\teamshootinggame\emissilemanager.cpp(3235): warning C4244: '인수': 'double'에서 'float'(으)로 변환하면서 데이터가 손실될 수 있습니다.
c:\users\kga_4\documents\github\shooting-game-team\teamshootinggame\teamshootinggame\emissilemanager.cpp(3241): warning C4244: '인수': 'double'에서 'float'(으)로 변환하면서 데이터가 손실될 수 있습니다.
c:\users\kga_4\documents\github\shooting-game-team\teamshootinggame\teamshootinggame\emissilemanager.cpp(3256): warning C4244: '인수': 'double'에서 'float'(으)로 변환하면서 데이터가 손실될 수 있습니다.
c:\users\kga_4\documents\github\shooting-game-team\teamshootinggame\teamshootinggame\emissilemanager.cpp(3262): warning C4244: '인수': 'double'에서 'float'(으)로 변환하면서 데이터가 손실될 수 있습니다.
c:\users\kga_4\documents\github\shooting-game-team\teamshootinggame\teamshootinggame\emissilemanager.cpp(3274): warning C4244: '인수': 'double'에서 'float'(으)로 변환하면서 데이터가 손실될 수 있습니다.
c:\users\kga_4\documents\github\shooting-game-team\teamshootinggame\teamshootinggame\emissilemanager.cpp(3280): warning C4244: '인수': 'double'에서 'float'(으)로 변환하면서 데이터가 손실될 수 있습니다.
c:\users\kga_4\documents\github\shooting-game-team\teamshootinggame\teamshootinggame\emissilemanager.cpp(3295): warning C4244: '인수': 'double'에서 'float'(으)로 변환하면서 데이터가 손실될 수 있습니다.
c:\users\kga_4\documents\github\shooting-game-team\teamshootinggame\teamshootinggame\emissilemanager.cpp(3298): warning C4305: '인수': 'double'에서 'float'(으)로 잘립니다.
c:\users\kga_4\documents\github\shooting-game-team\teamshootinggame\teamshootinggame\emissilemanager.cpp(3310): warning C4244: '인수': 'double'에서 'float'(으)로 변환하면서 데이터가 손실될 수 있습니다.
c:\users\kga_4\documents\github\shooting-game-team\teamshootinggame\teamshootinggame\emissilemanager.cpp(3313): warning C4305: '인수': 'double'에서 'float'(으)로 잘립니다.
c:\users\kga_4\documents\github\shooting-game-team\teamshootinggame\teamshootinggame\emissilemanager.cpp(3344): warning C4244: '=': 'int'에서 'float'(으)로 변환하면서 데이터가 손실될 수 있습니다.
c:\users\kga_4\documents\github\shooting-game-team\teamshootinggame\teamshootinggame\emissilemanager.cpp(3367): warning C4244: '=': 'int'에서 'float'(으)로 변환하면서 데이터가 손실될 수 있습니다.
c:\users\kga_4\documents\github\shooting-game-team\teamshootinggame\teamshootinggame\emissilemanager.cpp(3385): warning C4244: '=': 'int'에서 'float'(으)로 변환하면서 데이터가 손실될 수 있습니다.
c:\users\kga_4\documents\github\shooting-game-team\teamshootinggame\teamshootinggame\emissilemanager.cpp(3404): warning C4244: '인수': 'double'에서 'float'(으)로 변환하면서 데이터가 손실될 수 있습니다.
c:\users\kga_4\documents\github\shooting-game-team\teamshootinggame\teamshootinggame\emissilemanager.cpp(3410): warning C4244: '인수': 'double'에서 'float'(으)로 변환하면서 데이터가 손실될 수 있습니다.
c:\users\kga_4\documents\github\shooting-game-team\teamshootinggame\teamshootinggame\emissilemanager.cpp(3422): warning C4244: '인수': 'double'에서 'float'(으)로 변환하면서 데이터가 손실될 수 있습니다.
c:\users\kga_4\documents\github\shooting-game-team\teamshootinggame\teamshootinggame\emissilemanager.cpp(3428): warning C4244: '인수': 'double'에서 'float'(으)로 변환하면서 데이터가 손실될 수 있습니다.
c:\users\kga_4\documents\github\shooting-game-team\teamshootinggame\teamshootinggame\emissilemanager.cpp(3443): warning C4244: '인수': 'double'에서 'float'(으)로 변환하면서 데이터가 손실될 수 있습니다.
c:\users\kga_4\documents\github\shooting-game-team\teamshootinggame\teamshootinggame\emissilemanager.cpp(3449): warning C4244: '인수': 'double'에서 'float'(으)로 변환하면서 데이터가 손실될 수 있습니다.
c:\users\kga_4\documents\github\shooting-game-team\teamshootinggame\teamshootinggame\emissilemanager.cpp(3461): warning C4244: '인수': 'double'에서 'float'(으)로 변환하면서 데이터가 손실될 수 있습니다.
c:\users\kga_4\documents\github\shooting-game-team\teamshootinggame\teamshootinggame\emissilemanager.cpp(3467): warning C4244: '인수': 'double'에서 'float'(으)로 변환하면서 데이터가 손실될 수 있습니다.
c:\users\kga_4\documents\github\shooting-game-team\teamshootinggame\teamshootinggame\emissilemanager.cpp(3485): warning C4305: '인수': 'double'에서 'float'(으)로 잘립니다.
c:\users\kga_4\documents\github\shooting-game-team\teamshootinggame\teamshootinggame\emissilemanager.cpp(3500): warning C4305: '인수': 'double'에서 'float'(으)로 잘립니다.
c:\users\kga_4\documents\github\shooting-game-team\teamshootinggame\teamshootinggame\emissilemanager.cpp(3542): warning C4244: '인수': 'double'에서 'float'(으)로 변환하면서 데이터가 손실될 수 있습니다.
c:\users\kga_4\documents\github\shooting-game-team\teamshootinggame\teamshootinggame\emissilemanager.cpp(3556): warning C4244: '인수': 'double'에서 'float'(으)로 변환하면서 데이터가 손실될 수 있습니다.
c:\users\kga_4\documents\github\shooting-game-team\teamshootinggame\teamshootinggame\emissilemanager.cpp(3576): warning C4244: '인수': 'double'에서 'float'(으)로 변환하면서 데이터가 손실될 수 있습니다.
c:\users\kga_4\documents\github\shooting-game-team\teamshootinggame\teamshootinggame\emissilemanager.cpp(3590): warning C4244: '인수': 'double'에서 'float'(으)로 변환하면서 데이터가 손실될 수 있습니다.
c:\users\kga_4\documents\github\shooting-game-team\teamshootinggame\teamshootinggame\emissilemanager.cpp(3610): warning C4244: '인수': 'double'에서 'float'(으)로 변환하면서 데이터가 손실될 수 있습니다.
c:\users\kga_4\documents\github\shooting-game-team\teamshootinggame\teamshootinggame\emissilemanager.cpp(3624): warning C4244: '인수': 'double'에서 'float'(으)로 변환하면서 데이터가 손실될 수 있습니다.
c:\users\kga_4\documents\github\shooting-game-team\teamshootinggame\teamshootinggame\emissilemanager.cpp(3644): warning C4244: '인수': 'double'에서 'float'(으)로 변환하면서 데이터가 손실될 수 있습니다.
c:\users\kga_4\documents\github\shooting-game-team\teamshootinggame\teamshootinggame\emissilemanager.cpp(3658): warning C4244: '인수': 'double'에서 'float'(으)로 변환하면서 데이터가 손실될 수 있습니다.
c:\users\kga_4\documents\github\shooting-game-team\teamshootinggame\teamshootinggame\emissilemanager.cpp(3689): warning C4244: '인수': 'double'에서 'float'(으)로 변환하면서 데이터가 손실될 수 있습니다.
c:\users\kga_4\documents\github\shooting-game-team\teamshootinggame\teamshootinggame\emissilemanager.cpp(3711): warning C4244: '인수': 'double'에서 'float'(으)로 변환하면서 데이터가 손실될 수 있습니다.
c:\users\kga_4\documents\github\shooting-game-team\teamshootinggame\teamshootinggame\emissilemanager.cpp(3731): warning C4244: '인수': 'double'에서 'float'(으)로 변환하면서 데이터가 손실될 수 있습니다.
c:\users\kga_4\documents\github\shooting-game-team\teamshootinggame\teamshootinggame\emissilemanager.cpp(3752): warning C4244: '인수': 'double'에서 'float'(으)로 변환하면서 데이터가 손실될 수 있습니다.
c:\users\kga_4\documents\github\shooting-game-team\teamshootinggame\teamshootinggame\emissilemanager.cpp(3798): warning C4244: '인수': 'double'에서 'float'(으)로 변환하면서 데이터가 손실될 수 있습니다.
c:\users\kga_4\documents\github\shooting-game-team\teamshootinggame\teamshootinggame\emissilemanager.cpp(3818): warning C4244: '인수': 'double'에서 'float'(으)로 변환하면서 데이터가 손실될 수 있습니다.
c:\users\kga_4\documents\github\shooting-game-team\teamshootinggame\teamshootinggame\emissilemanager.cpp(3838): warning C4244: '인수': 'double'에서 'float'(으)로 변환하면서 데이터가 손실될 수 있습니다.
c:\users\kga_4\documents\github\shooting-game-team\teamshootinggame\teamshootinggame\emissilemanager.cpp(3858): warning C4244: '인수': 'double'에서 'float'(으)로 변환하면서 데이터가 손실될 수 있습니다.
c:\users\kga_4\documents\github\shooting-game-team\teamshootinggame\teamshootinggame\emissilemanager.cpp(3878): warning C4244: '인수': 'double'에서 'float'(으)로 변환하면서 데이터가 손실될 수 있습니다.
c:\users\kga_4\documents\github\shooting-game-team\teamshootinggame\teamshootinggame\emissilemanager.cpp(3898): warning C4244: '인수': 'double'에서 'float'(으)로 변환하면서 데이터가 손실될 수 있습니다.
c:\users\kga_4\documents\github\shooting-game-team\teamshootinggame\teamshootinggame\emissilemanager.cpp(3935): warning C4244: '인수': 'double'에서 'float'(으)로 변환하면서 데이터가 손실될 수 있습니다.
c:\users\kga_4\documents\github\shooting-game-team\teamshootinggame\teamshootinggame\emissilemanager.cpp(3949): warning C4244: '인수': 'double'에서 'float'(으)로 변환하면서 데이터가 손실될 수 있습니다.
c:\users\kga_4\documents\github\shooting-game-team\teamshootinggame\teamshootinggame\emissilemanager.cpp(3969): warning C4244: '인수': 'double'에서 'float'(으)로 변환하면서 데이터가 손실될 수 있습니다.
c:\users\kga_4\documents\github\shooting-game-team\teamshootinggame\teamshootinggame\emissilemanager.cpp(3983): warning C4244: '인수': 'double'에서 'float'(으)로 변환하면서 데이터가 손실될 수 있습니다.
  EasyModeUI.cpp
c:\users\kga_4\documents\github\shooting-game-team\teamshootinggame\teamshootinggame\easymodeui.cpp(59): warning C4244: '인수': 'float'에서 'int'(으)로 변환하면서 데이터가 손실될 수 있습니다.
  Enemy.cpp
c:\users\kga_4\documents\github\shooting-game-team\teamshootinggame\teamshootinggame\enemy.cpp(69): warning C4305: '=': 'double'에서 'float'(으)로 잘립니다.
c:\users\kga_4\documents\github\shooting-game-team\teamshootinggame\teamshootinggame\enemy.cpp(289): warning C4244: '인수': 'float'에서 'int'(으)로 변환하면서 데이터가 손실될 수 있습니다.
c:\users\kga_4\documents\github\shooting-game-team\teamshootinggame\teamshootinggame\enemy.cpp(297): warning C4244: '인수': 'float'에서 'int'(으)로 변환하면서 데이터가 손실될 수 있습니다.
c:\users\kga_4\documents\github\shooting-game-team\teamshootinggame\teamshootinggame\enemy.cpp(308): warning C4244: '인수': 'float'에서 'int'(으)로 변환하면서 데이터가 손실될 수 있습니다.
c:\users\kga_4\documents\github\shooting-game-team\teamshootinggame\teamshootinggame\enemy.cpp(319): warning C4244: '인수': 'float'에서 'int'(으)로 변환하면서 데이터가 손실될 수 있습니다.
c:\users\kga_4\documents\github\shooting-game-team\teamshootinggame\teamshootinggame\enemy.cpp(326): warning C4244: '인수': 'float'에서 'int'(으)로 변환하면서 데이터가 손실될 수 있습니다.
c:\users\kga_4\documents\github\shooting-game-team\teamshootinggame\teamshootinggame\enemy.cpp(330): warning C4244: '인수': 'float'에서 'int'(으)로 변환하면서 데이터가 손실될 수 있습니다.
c:\users\kga_4\documents\github\shooting-game-team\teamshootinggame\teamshootinggame\enemy.cpp(341): warning C4244: '인수': 'float'에서 'int'(으)로 변환하면서 데이터가 손실될 수 있습니다.
c:\users\kga_4\documents\github\shooting-game-team\teamshootinggame\teamshootinggame\enemy.cpp(354): warning C4244: '인수': 'float'에서 'int'(으)로 변환하면서 데이터가 손실될 수 있습니다.
c:\users\kga_4\documents\github\shooting-game-team\teamshootinggame\teamshootinggame\enemy.cpp(364): warning C4244: '인수': 'float'에서 'int'(으)로 변환하면서 데이터가 손실될 수 있습니다.
c:\users\kga_4\documents\github\shooting-game-team\teamshootinggame\teamshootinggame\enemy.cpp(370): warning C4244: '인수': 'float'에서 'int'(으)로 변환하면서 데이터가 손실될 수 있습니다.
c:\users\kga_4\documents\github\shooting-game-team\teamshootinggame\teamshootinggame\enemy.cpp(371): warning C4244: '인수': 'float'에서 'int'(으)로 변환하면서 데이터가 손실될 수 있습니다.
c:\users\kga_4\documents\github\shooting-game-team\teamshootinggame\teamshootinggame\enemy.cpp(373): warning C4244: '인수': 'float'에서 'int'(으)로 변환하면서 데이터가 손실될 수 있습니다.
c:\users\kga_4\documents\github\shooting-game-team\teamshootinggame\teamshootinggame\enemy.cpp(402): warning C4305: '+=': 'double'에서 'float'(으)로 잘립니다.
  GameNode.cpp
  HardModeUi.cpp
c:\users\kga_4\documents\github\shooting-game-team\teamshootinggame\teamshootinggame\hardmodeui.cpp(60): warning C4244: '인수': 'float'에서 'int'(으)로 변환하면서 데이터가 손실될 수 있습니다.
  Image.cpp
c:\users\kga_4\documents\github\shooting-game-team\teamshootinggame\teamshootinggame\image.cpp(174): warning C4244: '=': 'int'에서 'float'(으)로 변환하면서 데이터가 손실될 수 있습니다.
c:\users\kga_4\documents\github\shooting-game-team\teamshootinggame\teamshootinggame\image.cpp(175): warning C4244: '=': 'int'에서 'float'(으)로 변환하면서 데이터가 손실될 수 있습니다.
c:\users\kga_4\documents\github\shooting-game-team\teamshootinggame\teamshootinggame\image.cpp(181): warning C4244: '인수': 'float'에서 'int'(으)로 변환하면서 데이터가 손실될 수 있습니다.
c:\users\kga_4\documents\github\shooting-game-team\teamshootinggame\teamshootinggame\image.cpp(194): warning C4244: '인수': 'float'에서 'int'(으)로 변환하면서 데이터가 손실될 수 있습니다.
c:\users\kga_4\documents\github\shooting-game-team\teamshootinggame\teamshootinggame\image.cpp(239): warning C4244: '=': 'int'에서 'float'(으)로 변환하면서 데이터가 손실될 수 있습니다.
c:\users\kga_4\documents\github\shooting-game-team\teamshootinggame\teamshootinggame\image.cpp(240): warning C4244: '=': 'int'에서 'float'(으)로 변환하면서 데이터가 손실될 수 있습니다.
c:\users\kga_4\documents\github\shooting-game-team\teamshootinggame\teamshootinggame\image.cpp(247): warning C4244: '인수': 'float'에서 'int'(으)로 변환하면서 데이터가 손실될 수 있습니다.
c:\users\kga_4\documents\github\shooting-game-team\teamshootinggame\teamshootinggame\image.cpp(259): warning C4244: '인수': 'float'에서 'int'(으)로 변환하면서 데이터가 손실될 수 있습니다.
c:\users\kga_4\documents\github\shooting-game-team\teamshootinggame\teamshootinggame\image.cpp(258): warning C4244: '인수': 'float'에서 'int'(으)로 변환하면서 데이터가 손실될 수 있습니다.
c:\users\kga_4\documents\github\shooting-game-team\teamshootinggame\teamshootinggame\image.cpp(257): warning C4244: '인수': 'float'에서 'int'(으)로 변환하면서 데이터가 손실될 수 있습니다.
c:\users\kga_4\documents\github\shooting-game-team\teamshootinggame\teamshootinggame\image.cpp(255): warning C4244: '인수': 'float'에서 'int'(으)로 변환하면서 데이터가 손실될 수 있습니다.
c:\users\kga_4\documents\github\shooting-game-team\teamshootinggame\teamshootinggame\image.cpp(267): warning C4244: '인수': 'float'에서 'int'(으)로 변환하면서 데이터가 손실될 수 있습니다.
c:\users\kga_4\documents\github\shooting-game-team\teamshootinggame\teamshootinggame\image.cpp(264): warning C4244: '인수': 'float'에서 'int'(으)로 변환하면서 데이터가 손실될 수 있습니다.
c:\users\kga_4\documents\github\shooting-game-team\teamshootinggame\teamshootinggame\image.cpp(276): warning C4244: '인수': 'float'에서 'int'(으)로 변환하면서 데이터가 손실될 수 있습니다.
c:\users\kga_4\documents\github\shooting-game-team\teamshootinggame\teamshootinggame\image.cpp(273): warning C4244: '인수': 'float'에서 'int'(으)로 변환하면서 데이터가 손실될 수 있습니다.
c:\users\kga_4\documents\github\shooting-game-team\teamshootinggame\teamshootinggame\image.cpp(301): warning C4244: '인수': 'float'에서 'int'(으)로 변환하면서 데이터가 손실될 수 있습니다.
c:\users\kga_4\documents\github\shooting-game-team\teamshootinggame\teamshootinggame\image.cpp(313): warning C4244: '인수': 'float'에서 'int'(으)로 변환하면서 데이터가 손실될 수 있습니다.
  ImageManager.cpp
  KeyManager.cpp
  MainGame.cpp
c:\users\kga_4\documents\github\shooting-game-team\teamshootinggame\teamshootinggame\maingame.cpp(22): warning C4244: '인수': 'float'에서 'int'(으)로 변환하면서 데이터가 손실될 수 있습니다.
c:\users\kga_4\documents\github\shooting-game-team\teamshootinggame\teamshootinggame\maingame.cpp(23): warning C4244: '인수': 'float'에서 'int'(으)로 변환하면서 데이터가 손실될 수 있습니다.
c:\users\kga_4\documents\github\shooting-game-team\teamshootinggame\teamshootinggame\maingame.cpp(24): warning C4244: '인수': 'float'에서 'int'(으)로 변환하면서 데이터가 손실될 수 있습니다.
c:\users\kga_4\documents\github\shooting-game-team\teamshootinggame\teamshootinggame\maingame.cpp(25): warning C4244: '인수': 'float'에서 'int'(으)로 변환하면서 데이터가 손실될 수 있습니다.
c:\users\kga_4\documents\github\shooting-game-team\teamshootinggame\teamshootinggame\maingame.cpp(59): warning C4244: '인수': 'time_t'에서 'unsigned int'(으)로 변환하면서 데이터가 손실될 수 있습니다.
  MainScene.cpp
c:\users\kga_4\documents\github\shooting-game-team\teamshootinggame\teamshootinggame\mainscene.cpp(46): warning C4244: '인수': 'float'에서 'int'(으)로 변환하면서 데이터가 손실될 수 있습니다.
c:\users\kga_4\documents\github\shooting-game-team\teamshootinggame\teamshootinggame\mainscene.cpp(47): warning C4244: '인수': 'float'에서 'int'(으)로 변환하면서 데이터가 손실될 수 있습니다.
c:\users\kga_4\documents\github\shooting-game-team\teamshootinggame\teamshootinggame\mainscene.cpp(53): warning C4244: '인수': 'float'에서 'int'(으)로 변환하면서 데이터가 손실될 수 있습니다.
c:\users\kga_4\documents\github\shooting-game-team\teamshootinggame\teamshootinggame\mainscene.cpp(59): warning C4244: '인수': 'float'에서 'int'(으)로 변환하면서 데이터가 손실될 수 있습니다.
  PMissile.cpp
c:\users\kga_4\documents\github\shooting-game-team\teamshootinggame\teamshootinggame\pmissile.cpp(43): warning C4244: '인수': 'float'에서 'int'(으)로 변환하면서 데이터가 손실될 수 있습니다.
c:\users\kga_4\documents\github\shooting-game-team\teamshootinggame\teamshootinggame\pmissile.cpp(47): warning C4244: '인수': 'float'에서 'int'(으)로 변환하면서 데이터가 손실될 수 있습니다.
  PMissileManager.cpp
  Player.cpp
c:\users\kga_4\documents\github\shooting-game-team\teamshootinggame\teamshootinggame\player.cpp(50): warning C4244: '인수': 'float'에서 'int'(으)로 변환하면서 데이터가 손실될 수 있습니다.
c:\users\kga_4\documents\github\shooting-game-team\teamshootinggame\teamshootinggame\player.cpp(54): warning C4244: '인수': 'float'에서 'int'(으)로 변환하면서 데이터가 손실될 수 있습니다.
c:\users\kga_4\documents\github\shooting-game-team\teamshootinggame\teamshootinggame\player.cpp(98): warning C4305: '=': 'double'에서 'float'(으)로 잘립니다.
  Timer.cpp
  TimerManager.cpp
  TitleScene.cpp
  UI.cpp
c:\users\kga_4\documents\github\shooting-game-team\teamshootinggame\teamshootinggame\ui.cpp(6): warning C4244: '인수': 'double'에서 'int'(으)로 변환하면서 데이터가 손실될 수 있습니다.
c:\users\kga_4\documents\github\shooting-game-team\teamshootinggame\teamshootinggame\ui.cpp(7): warning C4244: '인수': 'double'에서 'int'(으)로 변환하면서 데이터가 손실될 수 있습니다.
c:\users\kga_4\documents\github\shooting-game-team\teamshootinggame\teamshootinggame\ui.cpp(8): warning C4244: '인수': 'double'에서 'int'(으)로 변환하면서 데이터가 손실될 수 있습니다.
c:\users\kga_4\documents\github\shooting-game-team\teamshootinggame\teamshootinggame\ui.cpp(36): warning C4244: '=': 'int'에서 'float'(으)로 변환하면서 데이터가 손실될 수 있습니다.
c:\users\kga_4\documents\github\shooting-game-team\teamshootinggame\teamshootinggame\ui.cpp(58): warning C4244: '=': 'int'에서 'float'(으)로 변환하면서 데이터가 손실될 수 있습니다.
c:\users\kga_4\documents\github\shooting-game-team\teamshootinggame\teamshootinggame\ui.cpp(78): warning C4244: '=': 'int'에서 'float'(으)로 변환하면서 데이터가 손실될 수 있습니다.
c:\users\kga_4\documents\github\shooting-game-team\teamshootinggame\teamshootinggame\ui.cpp(79): warning C4244: '=': 'int'에서 'float'(으)로 변환하면서 데이터가 손실될 수 있습니다.
c:\users\kga_4\documents\github\shooting-game-team\teamshootinggame\teamshootinggame\ui.cpp(100): warning C4244: '=': 'int'에서 'float'(으)로 변환하면서 데이터가 손실될 수 있습니다.
c:\users\kga_4\documents\github\shooting-game-team\teamshootinggame\teamshootinggame\ui.cpp(111): warning C4244: '인수': 'double'에서 'int'(으)로 변환하면서 데이터가 손실될 수 있습니다.
c:\users\kga_4\documents\github\shooting-game-team\teamshootinggame\teamshootinggame\ui.cpp(112): warning C4244: '인수': 'double'에서 'int'(으)로 변환하면서 데이터가 손실될 수 있습니다.
c:\users\kga_4\documents\github\shooting-game-team\teamshootinggame\teamshootinggame\ui.cpp(119): warning C4244: '인수': 'double'에서 'int'(으)로 변환하면서 데이터가 손실될 수 있습니다.
c:\users\kga_4\documents\github\shooting-game-team\teamshootinggame\teamshootinggame\ui.cpp(120): warning C4244: '인수': 'double'에서 'int'(으)로 변환하면서 데이터가 손실될 수 있습니다.
c:\users\kga_4\documents\github\shooting-game-team\teamshootinggame\teamshootinggame\ui.cpp(125): warning C4244: '인수': 'double'에서 'int'(으)로 변환하면서 데이터가 손실될 수 있습니다.
c:\users\kga_4\documents\github\shooting-game-team\teamshootinggame\teamshootinggame\ui.cpp(125): warning C4244: '인수': 'float'에서 'int'(으)로 변환하면서 데이터가 손실될 수 있습니다.
c:\users\kga_4\documents\github\shooting-game-team\teamshootinggame\teamshootinggame\ui.cpp(126): warning C4244: '인수': 'double'에서 'int'(으)로 변환하면서 데이터가 손실될 수 있습니다.
c:\users\kga_4\documents\github\shooting-game-team\teamshootinggame\teamshootinggame\ui.cpp(126): warning C4244: '인수': 'float'에서 'int'(으)로 변환하면서 데이터가 손실될 수 있습니다.
c:\users\kga_4\documents\github\shooting-game-team\teamshootinggame\teamshootinggame\ui.cpp(131): warning C4244: '인수': 'double'에서 'int'(으)로 변환하면서 데이터가 손실될 수 있습니다.
c:\users\kga_4\documents\github\shooting-game-team\teamshootinggame\teamshootinggame\ui.cpp(370): warning C4244: '인수': 'double'에서 'int'(으)로 변환하면서 데이터가 손실될 수 있습니다.
  main.cpp
  코드를 생성하고 있습니다...
  TeamShootingGame.vcxproj -> C:\Users\KGA_4\Documents\GitHub\Shooting-Game-Team\TeamShootingGame\Debug\TeamShootingGame.exe
